<?xml version="1.0" encoding="UTF-8"?>
<!-- Generated by org.testng.reporters.JUnitXMLReporter -->
<testsuite ignored="0" hostname="LAPTOP-25G0Q8S5" failures="0" tests="4" name="Default test" time="17.646" errors="0" timestamp="2026-03-12T10:56:20 IST">
  <testcase classname="addProductToCart.AddProductToCart" name="fetchAllProducts" time="6.879"/>
  <testcase classname="addProductToCart.AddProductToCart" name="addProduct" time="0.699"/>
  <testcase classname="addProductToCart.AddProductToCart" name="updateCart" time="0.597"/>
  <testcase classname="addProductToCart.AddProductToCart" name="deleteProduct" time="0.554"/>
</testsuite> <!-- Default test -->
