<?xml version="1.0" encoding="UTF-8"?>
<!-- Generated by org.testng.reporters.JUnitReportReporter -->
<testsuite hostname="LAPTOP-25G0Q8S5" failures="0" tests="3" name="shopperStack.TestNGMethods" time="0.054" errors="0" timestamp="2026-03-10T15:10:02 IST" skipped="1">
  <testcase classname="shopperStack.TestNGMethods" name="btest1" time="0.045"/>
  <testcase classname="shopperStack.TestNGMethods" name="atest2" time="0.009"/>
  <testcase classname="shopperStack.TestNGMethods" name="ctest3">
    <skipped/>
  </testcase> <!-- ctest3 -->
</testsuite> <!-- shopperStack.TestNGMethods -->
