<?xml version="1.0" encoding="UTF-8"?>
<!-- Generated by org.testng.reporters.JUnitReportReporter -->
<testsuite hostname="LAPTOP-25G0Q8S5" failures="0" tests="2" name="shopper_base_demo_with_pojo.LoginAndFetchUingJsonPath" time="11.783" errors="0" timestamp="2026-03-11T14:40:36 IST" skipped="0">
  <testcase classname="shopper_base_demo_with_pojo.LoginAndFetchUingJsonPath" name="fetchData" time="0.788"/>
  <testcase classname="shopper_base_demo_with_pojo.LoginAndFetchUingJsonPath" name="loginTest" time="10.995"/>
</testsuite> <!-- shopper_base_demo_with_pojo.LoginAndFetchUingJsonPath -->
